<?xml version="1.0" encoding="UTF-8"?>
<testsuite xmlns:xsi="http://www.w3.org/2001/XMLSchema-instance" xsi:noNamespaceSchemaLocation="https://maven.apache.org/surefire/maven-failsafe-plugin/xsd/failsafe-test-report.xsd" name="com.gits.bddSerenityJavaMaven.TestRunner" time="4.768" tests="8" errors="0" skipped="0" failures="0">
  <properties>
[...]
</properties>
  <testcase name="User is on Home Page" classname="Successful Login with Valid Credentials" time="0.127"/>
  <testcase name="User Navigate to LogIn Page" classname="Successful Login with Valid Credentials" time="0.003"/>
  <testcase name="User enters UserName and Password" classname="Successful Login with Valid Credentials" time="0.002"/>
  <testcase name="Message displayed Login Successfully" classname="Successful Login with Valid Credentials" time="0.003"/>
  <testcase name="Successful Login with Valid Credentials" classname="Successful Login with Valid Credentials" time="0.012"/>
  <testcase name="User LogOut from the Application" classname="Successful LogOut" time="0.005"/>
  <testcase name="Message displayed LogOut Successfully" classname="Successful LogOut" time="0.002"/>
  <testcase name="Successful LogOut" classname="Successful LogOut" time="0.005"/>
</testsuite>